c:\users\walid\desktop\poppler\poppler-0.45.0\build\poppler.dir\release\fofitype1.obj
c:\users\walid\desktop\poppler\poppler-0.45.0\build\poppler.dir\release\fofitruetype.obj
c:\users\walid\desktop\poppler\poppler-0.45.0\build\poppler.dir\release\fofiencodings.obj
c:\users\walid\desktop\poppler\poppler-0.45.0\build\poppler.dir\release\fofibase.obj
c:\users\walid\desktop\poppler\poppler-0.45.0\build\poppler.dir\release\glibc.obj
c:\users\walid\desktop\poppler\poppler-0.45.0\build\poppler.dir\release\grandom.obj
c:\users\walid\desktop\poppler\poppler-0.45.0\build\poppler.dir\release\gstrtod.obj
c:\users\walid\desktop\poppler\poppler-0.45.0\build\poppler.dir\release\imgwriter.obj
c:\users\walid\desktop\poppler\poppler-0.45.0\build\poppler.dir\release\jpegwriter.obj
c:\users\walid\desktop\poppler\poppler-0.45.0\build\poppler.dir\release\tiffwriter.obj
c:\users\walid\desktop\poppler\poppler-0.45.0\build\poppler.dir\release\pngwriter.obj
c:\users\walid\desktop\poppler\poppler-0.45.0\build\poppler.dir\release\netpbmwriter.obj
c:\users\walid\desktop\poppler\poppler-0.45.0\build\poppler.dir\release\fixedpoint.obj
c:\users\walid\desktop\poppler\poppler-0.45.0\build\poppler.dir\release\gmem.obj
c:\users\walid\desktop\poppler\poppler-0.45.0\build\poppler.dir\release\goostring.obj
c:\users\walid\desktop\poppler\poppler-0.45.0\build\poppler.dir\release\gootimer.obj
c:\users\walid\desktop\poppler\poppler-0.45.0\build\poppler.dir\release\goolist.obj
c:\users\walid\desktop\poppler\poppler-0.45.0\build\poppler.dir\release\goohash.obj
c:\users\walid\desktop\poppler\poppler-0.45.0\build\poppler.dir\release\gmempp.obj
c:\users\walid\desktop\poppler\poppler-0.45.0\build\poppler.dir\release\gfile.obj
c:\users\walid\desktop\poppler\poppler-0.45.0\build\poppler.dir\release\form.obj
c:\users\walid\desktop\poppler\poppler-0.45.0\build\poppler.dir\release\fontencodingtables.obj
c:\users\walid\desktop\poppler\poppler-0.45.0\build\poppler.dir\release\filespec.obj
c:\users\walid\desktop\poppler\poppler-0.45.0\build\poppler.dir\release\error.obj
c:\users\walid\desktop\poppler\poppler-0.45.0\build\poppler.dir\release\dict.obj
c:\users\walid\desktop\poppler\poppler-0.45.0\build\poppler.dir\release\dateinfo.obj
c:\users\walid\desktop\poppler\poppler-0.45.0\build\poppler.dir\release\charcodetounicode.obj
c:\users\walid\desktop\poppler\poppler-0.45.0\build\poppler.dir\release\builtinfonttables.obj
c:\users\walid\desktop\poppler\poppler-0.45.0\build\poppler.dir\release\builtinfont.obj
c:\users\walid\desktop\poppler\poppler-0.45.0\build\poppler.dir\release\fofiidentifier.obj
c:\users\walid\desktop\poppler\poppler-0.45.0\build\poppler.dir\release\fofitype1c.obj
c:\users\walid\desktop\poppler\poppler-0.45.0\build\poppler.dir\release\parser.obj
c:\users\walid\desktop\poppler\poppler-0.45.0\build\poppler.dir\release\pagetransition.obj
c:\users\walid\desktop\poppler\poppler-0.45.0\build\poppler.dir\release\outputdev.obj
c:\users\walid\desktop\poppler\poppler-0.45.0\build\poppler.dir\release\object.obj
c:\users\walid\desktop\poppler\poppler-0.45.0\build\poppler.dir\release\nametocharcode.obj
c:\users\walid\desktop\poppler\poppler-0.45.0\build\poppler.dir\release\lexer.obj
c:\users\walid\desktop\poppler\poppler-0.45.0\build\poppler.dir\release\jarithmeticdecoder.obj
c:\users\walid\desktop\poppler\poppler-0.45.0\build\poppler.dir\release\gfxstate.obj
c:\users\walid\desktop\poppler\poppler-0.45.0\build\poppler.dir\release\gfxfont.obj
c:\users\walid\desktop\poppler\poppler-0.45.0\build\poppler.dir\release\textoutputdev.obj
c:\users\walid\desktop\poppler\poppler-0.45.0\build\poppler.dir\release\utf.obj
c:\users\walid\desktop\poppler\poppler-0.45.0\build\poppler.dir\release\unicodetypetable.obj
c:\users\walid\desktop\poppler\poppler-0.45.0\build\poppler.dir\release\unicodemap.obj
c:\users\walid\desktop\poppler\poppler-0.45.0\build\poppler.dir\release\strtok_r.obj
c:\users\walid\desktop\poppler\poppler-0.45.0\build\poppler.dir\release\signatureinfo.obj
c:\users\walid\desktop\poppler\poppler-0.45.0\build\poppler.dir\release\pstokenizer.obj
c:\users\walid\desktop\poppler\poppler-0.45.0\build\poppler.dir\release\profiledata.obj
c:\users\walid\desktop\poppler\poppler-0.45.0\build\poppler.dir\release\popplercache.obj
c:\users\walid\desktop\poppler\poppler-0.45.0\build\poppler.dir\release\pdfdocencoding.obj
c:\users\walid\desktop\poppler\poppler-0.45.0\build\poppler.dir\release\splashscreen.obj
c:\users\walid\desktop\poppler\poppler-0.45.0\build\poppler.dir\release\splashpath.obj
c:\users\walid\desktop\poppler\poppler-0.45.0\build\poppler.dir\release\splashfontfileid.obj
c:\users\walid\desktop\poppler\poppler-0.45.0\build\poppler.dir\release\splashfontfile.obj
c:\users\walid\desktop\poppler\poppler-0.45.0\build\poppler.dir\release\splashftfontengine.obj
c:\users\walid\desktop\poppler\poppler-0.45.0\build\poppler.dir\release\rendition.obj
c:\users\walid\desktop\poppler\poppler-0.45.0\build\poppler.dir\release\movie.obj
c:\users\walid\desktop\poppler\poppler-0.45.0\build\poppler.dir\release\xpdfpluginapi.obj
c:\users\walid\desktop\poppler\poppler-0.45.0\build\poppler.dir\release\splashxpathscanner.obj
c:\users\walid\desktop\poppler\poppler-0.45.0\build\poppler.dir\release\splashxpath.obj
c:\users\walid\desktop\poppler\poppler-0.45.0\build\poppler.dir\release\splasht1fontfile.obj
c:\users\walid\desktop\poppler\poppler-0.45.0\build\poppler.dir\release\splasht1fontengine.obj
c:\users\walid\desktop\poppler\poppler-0.45.0\build\poppler.dir\release\splasht1font.obj
c:\users\walid\desktop\poppler\poppler-0.45.0\build\cmakefiles\generate.stamp
c:\users\walid\desktop\poppler\poppler-0.45.0\build\poppler.dir\release\poppler.tlog\cl.command.1.tlog
c:\users\walid\desktop\poppler\poppler-0.45.0\build\poppler.dir\release\poppler.tlog\cl.read.1.tlog
c:\users\walid\desktop\poppler\poppler-0.45.0\build\poppler.dir\release\poppler.tlog\cl.write.1.tlog
c:\users\walid\desktop\poppler\poppler-0.45.0\build\poppler.dir\release\poppler.tlog\custombuild.command.1.tlog
c:\users\walid\desktop\poppler\poppler-0.45.0\build\poppler.dir\release\poppler.tlog\custombuild.read.1.tlog
c:\users\walid\desktop\poppler\poppler-0.45.0\build\poppler.dir\release\poppler.tlog\custombuild.write.1.tlog
